<?xml version="1.0" encoding="UTF-8"?>
<testsuite xmlns:xsi="http://www.w3.org/2001/XMLSchema-instance" xsi:noNamespaceSchemaLocation="https://maven.apache.org/surefire/maven-surefire-plugin/xsd/surefire-test-report-3.0.xsd" version="3.0" name="com.project.group13.AppTest" time="0.014" tests="1" errors="0" skipped="0" failures="0">
  <properties>
    <property name="java.specification.version" value="21"/>
    <property name="sun.jnu.encoding" value="UTF-8"/>
    <property name="java.class.path" value="/Users/stevenwong/school-work/active/cmpt276-intro-software-engineering/CMPT276F23_group13/MazeRunner/target/test-classes:/Users/stevenwong/school-work/active/cmpt276-intro-software-engineering/CMPT276F23_group13/MazeRunner/target/classes:/Users/stevenwong/.m2/repository/junit/junit/4.11/junit-4.11.jar:/Users/stevenwong/.m2/repository/org/hamcrest/hamcrest-core/1.3/hamcrest-core-1.3.jar:/Users/stevenwong/.m2/repository/org/mockito/mockito-all/1.8.4/mockito-all-1.8.4.jar:"/>
    <property name="java.vm.vendor" value="Homebrew"/>
    <property name="sun.arch.data.model" value="64"/>
    <property name="java.vendor.url" value="https://github.com/Homebrew/homebrew-core/issues"/>
    <property name="os.name" value="Mac OS X"/>
    <property name="java.vm.specification.version" value="21"/>
    <property name="sun.java.launcher" value="SUN_STANDARD"/>
    <property name="user.country" value="CA"/>
    <property name="sun.boot.library.path" value="/opt/homebrew/Cellar/openjdk/21/libexec/openjdk.jdk/Contents/Home/lib"/>
    <property name="sun.java.command" value="/Users/stevenwong/school-work/active/cmpt276-intro-software-engineering/CMPT276F23_group13/MazeRunner/target/surefire/surefirebooter819749691246118656.jar /Users/stevenwong/school-work/active/cmpt276-intro-software-engineering/CMPT276F23_group13/MazeRunner/target/surefire 2023-11-25T14-35-25_796-jvmRun1 surefire8995451156596139336tmp surefire_016113630015375369660tmp"/>
    <property name="jdk.debug" value="release"/>
    <property name="surefire.test.class.path" value="/Users/stevenwong/school-work/active/cmpt276-intro-software-engineering/CMPT276F23_group13/MazeRunner/target/test-classes:/Users/stevenwong/school-work/active/cmpt276-intro-software-engineering/CMPT276F23_group13/MazeRunner/target/classes:/Users/stevenwong/.m2/repository/junit/junit/4.11/junit-4.11.jar:/Users/stevenwong/.m2/repository/org/hamcrest/hamcrest-core/1.3/hamcrest-core-1.3.jar:/Users/stevenwong/.m2/repository/org/mockito/mockito-all/1.8.4/mockito-all-1.8.4.jar:"/>
    <property name="sun.cpu.endian" value="little"/>
    <property name="user.home" value="/Users/stevenwong"/>
    <property name="user.language" value="en"/>
    <property name="java.specification.vendor" value="Oracle Corporation"/>
    <property name="java.version.date" value="2023-09-19"/>
    <property name="java.home" value="/opt/homebrew/Cellar/openjdk/21/libexec/openjdk.jdk/Contents/Home"/>
    <property name="file.separator" value="/"/>
    <property name="basedir" value="/Users/stevenwong/school-work/active/cmpt276-intro-software-engineering/CMPT276F23_group13/MazeRunner"/>
    <property name="java.vm.compressedOopsMode" value="Zero based"/>
    <property name="line.separator" value="&#10;"/>
    <property name="java.specification.name" value="Java Platform API Specification"/>
    <property name="java.vm.specification.vendor" value="Oracle Corporation"/>
    <property name="apple.awt.application.name" value="ForkedBooter"/>
    <property name="surefire.real.class.path" value="/Users/stevenwong/school-work/active/cmpt276-intro-software-engineering/CMPT276F23_group13/MazeRunner/target/surefire/surefirebooter819749691246118656.jar"/>
    <property name="sun.management.compiler" value="HotSpot 64-Bit Tiered Compilers"/>
    <property name="java.runtime.version" value="21"/>
    <property name="user.name" value="stevenwong"/>
    <property name="stdout.encoding" value="UTF-8"/>
    <property name="path.separator" value=":"/>
    <property name="os.version" value="14.1.1"/>
    <property name="java.runtime.name" value="OpenJDK Runtime Environment"/>
    <property name="file.encoding" value="UTF-8"/>
    <property name="java.vm.name" value="OpenJDK 64-Bit Server VM"/>
    <property name="java.vendor.version" value="Homebrew"/>
    <property name="localRepository" value="/Users/stevenwong/.m2/repository"/>
    <property name="java.vendor.url.bug" value="https://github.com/Homebrew/homebrew-core/issues"/>
    <property name="java.io.tmpdir" value="/var/folders/44/jj50yyvd6fb9m109s2slr96w0000gn/T/"/>
    <property name="java.version" value="21"/>
    <property name="user.dir" value="/Users/stevenwong/school-work/active/cmpt276-intro-software-engineering/CMPT276F23_group13/MazeRunner"/>
    <property name="os.arch" value="aarch64"/>
    <property name="java.vm.specification.name" value="Java Virtual Machine Specification"/>
    <property name="native.encoding" value="UTF-8"/>
    <property name="java.library.path" value="/Users/stevenwong/Library/Java/Extensions:/Library/Java/Extensions:/Network/Library/Java/Extensions:/System/Library/Java/Extensions:/usr/lib/java:."/>
    <property name="java.vm.info" value="mixed mode, sharing"/>
    <property name="stderr.encoding" value="UTF-8"/>
    <property name="java.vendor" value="Homebrew"/>
    <property name="java.vm.version" value="21"/>
    <property name="sun.io.unicode.encoding" value="UnicodeBig"/>
    <property name="java.class.version" value="65.0"/>
  </properties>
  <testcase name="shouldAnswerWithTrue" classname="com.project.group13.AppTest" time="0.001"/>
</testsuite>